Arguments: 
  /Users/d.katayama/.nodebrew/node/v16.19.1/bin/node /opt/homebrew/Cellar/yarn/1.22.19/libexec/bin/yarn.js add -D eslint@^8 typescript-eslint/parser@^5 typescript-eslint/eslint-plugin@^5

PATH: 
  /Users/d.katayama/.nodebrew/current/bin:/opt/homebrew/bin:/opt/homebrew/sbin:/usr/local/bin:/System/Cryptexes/App/usr/bin:/usr/bin:/bin:/usr/sbin:/sbin:/Library/TeX/texbin:/usr/local/go/bin:/opt/podman/bin

Yarn version: 
  1.22.19

Node version: 
  16.19.1

Platform: 
  darwin arm64

Trace: 
  Error: https://registry.yarnpkg.com/typescript-eslint%2fparser: Request "https://registry.yarnpkg.com/typescript-eslint%2fparser" returned a 405
      at Request.params.callback [as _callback] (/opt/homebrew/Cellar/yarn/1.22.19/libexec/lib/cli.js:66154:18)
      at Request.self.callback (/opt/homebrew/Cellar/yarn/1.22.19/libexec/lib/cli.js:140890:22)
      at Request.emit (node:events:513:28)
      at Request.<anonymous> (/opt/homebrew/Cellar/yarn/1.22.19/libexec/lib/cli.js:141862:10)
      at Request.emit (node:events:513:28)
      at IncomingMessage.<anonymous> (/opt/homebrew/Cellar/yarn/1.22.19/libexec/lib/cli.js:141784:12)
      at Object.onceWrapper (node:events:627:28)
      at IncomingMessage.emit (node:events:525:35)
      at endReadableNT (node:internal/streams/readable:1358:12)
      at processTicksAndRejections (node:internal/process/task_queues:83:21)

npm manifest: 
  {
      "name": "eslint-typescript-tutorial",
      "license": "UNLICENSED",
      "devDependencies": {
          "@types/node": "16",
          "typescript": "^4.6"
      }
  }

yarn manifest: 
  No manifest

Lockfile: 
  # THIS IS AN AUTOGENERATED FILE. DO NOT EDIT THIS FILE DIRECTLY.
  # yarn lockfile v1
  
  
  "@types/node@16":
    version "16.18.16"
    resolved "https://registry.yarnpkg.com/@types/node/-/node-16.18.16.tgz#09ff98b144abae2d7cce3e9fe9040ab2bf73222c"
    integrity sha512-ZOzvDRWp8dCVBmgnkIqYCArgdFOO9YzocZp8Ra25N/RStKiWvMOXHMz+GjSeVNe5TstaTmTWPucGJkDw0XXJWA==
  
  typescript@^4.6:
    version "4.9.5"
    resolved "https://registry.yarnpkg.com/typescript/-/typescript-4.9.5.tgz#095979f9bcc0d09da324d58d03ce8f8374cbe65a"
    integrity sha512-1FXk9E2Hm+QzZQ7z+McJiHL4NW1F2EzMu9Nq9i3zAaGqibafqYwCVU6WyWAuyQRRzOlxou8xZSyXLEN8oKj24g==
